<?xml version='1.0' encoding='UTF-8' ?>
<testsuite name="com.example.android.testing.espresso.BasicSample.ChangeTextBehaviorKtTest" tests="4" failures="0" errors="0" skipped="0" time="9.794" timestamp="2020-03-04T10:21:31" hostname="localhost">
  <properties>
    <property name="device" value="Pixel_2_API_29(AVD) - 10" />
    <property name="flavor" value="" />
    <property name="project" value="app" />
  </properties>
  <testcase name="changeText_newActivity" classname="com.example.android.testing.espresso.BasicSample.ChangeTextBehaviorKtTest" time="2.395" />
  <testcase name="changeText_sameActivity" classname="com.example.android.testing.espresso.BasicSample.ChangeTextBehaviorKtTest" time="2.086" />
  <testcase name="changeText_newActivity" classname="com.example.android.testing.espresso.BasicSample.ChangeTextBehaviorTest" time="1.989" />
  <testcase name="changeText_sameActivity" classname="com.example.android.testing.espresso.BasicSample.ChangeTextBehaviorTest" time="2.131" />
</testsuite>